[0.083s] DEBUG:colcon:Command line arguments: ['/usr/bin/colcon', 'build']
[0.083s] DEBUG:colcon:Parsed command line arguments: Namespace(log_base=None, log_level=None, verb_name='build', build_base='build', install_base='install', merge_install=False, symlink_install=False, test_result_base=None, continue_on_error=False, executor='parallel', parallel_workers=12, event_handlers=None, ignore_user_meta=False, metas=['./colcon.meta'], base_paths=['.'], packages_ignore=None, packages_ignore_regex=None, paths=None, packages_up_to=None, packages_up_to_regex=None, packages_above=None, packages_above_and_dependencies=None, packages_above_depth=None, packages_select_by_dep=None, packages_skip_by_dep=None, packages_skip_up_to=None, packages_select_build_failed=False, packages_skip_build_finished=False, packages_select_test_failures=False, packages_skip_test_passed=False, packages_select=None, packages_skip=None, packages_select_regex=None, packages_skip_regex=None, packages_start=None, packages_end=None, allow_overriding=[], cmake_args=None, cmake_target=None, cmake_target_skip_unavailable=False, cmake_clean_cache=False, cmake_clean_first=False, cmake_force_configure=False, ament_cmake_args=None, catkin_cmake_args=None, catkin_skip_building_tests=False, verb_parser=<colcon_defaults.argument_parser.defaults.DefaultArgumentsDecorator object at 0x72a217769e40>, verb_extension=<colcon_core.verb.build.BuildVerb object at 0x72a217769930>, main=<bound method BuildVerb.main of <colcon_core.verb.build.BuildVerb object at 0x72a217769930>>)
[0.113s] Level 1:colcon.colcon_core.package_discovery:discover_packages(colcon_meta) check parameters
[0.114s] Level 1:colcon.colcon_core.package_discovery:discover_packages(recursive) check parameters
[0.114s] Level 1:colcon.colcon_core.package_discovery:discover_packages(ignore) check parameters
[0.114s] Level 1:colcon.colcon_core.package_discovery:discover_packages(path) check parameters
[0.114s] Level 1:colcon.colcon_core.package_discovery:discover_packages(colcon_meta) discover
[0.114s] Level 1:colcon.colcon_core.package_discovery:discover_packages(recursive) discover
[0.114s] INFO:colcon.colcon_core.package_discovery:Crawling recursively for packages in '/home/nguyen1/workspace/tu_thanh_17_1'
[0.114s] Level 1:colcon.colcon_core.package_identification:_identify(.) by extensions ['ignore', 'ignore_ament_install']
[0.114s] Level 1:colcon.colcon_core.package_identification:_identify(.) by extension 'ignore'
[0.114s] Level 1:colcon.colcon_core.package_identification:_identify(.) by extension 'ignore_ament_install'
[0.114s] Level 1:colcon.colcon_core.package_identification:_identify(.) by extensions ['colcon_pkg']
[0.114s] Level 1:colcon.colcon_core.package_identification:_identify(.) by extension 'colcon_pkg'
[0.114s] Level 1:colcon.colcon_core.package_identification:_identify(.) by extensions ['colcon_meta']
[0.114s] Level 1:colcon.colcon_core.package_identification:_identify(.) by extension 'colcon_meta'
[0.114s] Level 1:colcon.colcon_core.package_identification:_identify(.) by extensions ['ros']
[0.114s] Level 1:colcon.colcon_core.package_identification:_identify(.) by extension 'ros'
[0.127s] Level 1:colcon.colcon_core.package_identification:_identify(.) by extensions ['cmake', 'python']
[0.127s] Level 1:colcon.colcon_core.package_identification:_identify(.) by extension 'cmake'
[0.127s] Level 1:colcon.colcon_core.package_identification:_identify(.) by extension 'python'
[0.127s] Level 1:colcon.colcon_core.package_identification:_identify(.) by extensions ['python_setup_py']
[0.127s] Level 1:colcon.colcon_core.package_identification:_identify(.) by extension 'python_setup_py'
[0.127s] Level 1:colcon.colcon_core.package_identification:_identify(build) by extensions ['ignore', 'ignore_ament_install']
[0.127s] Level 1:colcon.colcon_core.package_identification:_identify(build) by extension 'ignore'
[0.127s] Level 1:colcon.colcon_core.package_identification:_identify(build) ignored
[0.127s] Level 1:colcon.colcon_core.package_identification:_identify(install) by extensions ['ignore', 'ignore_ament_install']
[0.127s] Level 1:colcon.colcon_core.package_identification:_identify(install) by extension 'ignore'
[0.127s] Level 1:colcon.colcon_core.package_identification:_identify(install) ignored
[0.128s] Level 1:colcon.colcon_core.package_identification:_identify(log) by extensions ['ignore', 'ignore_ament_install']
[0.128s] Level 1:colcon.colcon_core.package_identification:_identify(log) by extension 'ignore'
[0.128s] Level 1:colcon.colcon_core.package_identification:_identify(log) ignored
[0.128s] Level 1:colcon.colcon_core.package_identification:_identify(src) by extensions ['ignore', 'ignore_ament_install']
[0.128s] Level 1:colcon.colcon_core.package_identification:_identify(src) by extension 'ignore'
[0.128s] Level 1:colcon.colcon_core.package_identification:_identify(src) by extension 'ignore_ament_install'
[0.128s] Level 1:colcon.colcon_core.package_identification:_identify(src) by extensions ['colcon_pkg']
[0.128s] Level 1:colcon.colcon_core.package_identification:_identify(src) by extension 'colcon_pkg'
[0.128s] Level 1:colcon.colcon_core.package_identification:_identify(src) by extensions ['colcon_meta']
[0.128s] Level 1:colcon.colcon_core.package_identification:_identify(src) by extension 'colcon_meta'
[0.128s] Level 1:colcon.colcon_core.package_identification:_identify(src) by extensions ['ros']
[0.128s] Level 1:colcon.colcon_core.package_identification:_identify(src) by extension 'ros'
[0.128s] Level 1:colcon.colcon_core.package_identification:_identify(src) by extensions ['cmake', 'python']
[0.128s] Level 1:colcon.colcon_core.package_identification:_identify(src) by extension 'cmake'
[0.128s] Level 1:colcon.colcon_core.package_identification:_identify(src) by extension 'python'
[0.128s] Level 1:colcon.colcon_core.package_identification:_identify(src) by extensions ['python_setup_py']
[0.128s] Level 1:colcon.colcon_core.package_identification:_identify(src) by extension 'python_setup_py'
[0.128s] Level 1:colcon.colcon_core.package_identification:_identify(src/my_robot_controllers) by extensions ['ignore', 'ignore_ament_install']
[0.128s] Level 1:colcon.colcon_core.package_identification:_identify(src/my_robot_controllers) by extension 'ignore'
[0.128s] Level 1:colcon.colcon_core.package_identification:_identify(src/my_robot_controllers) by extension 'ignore_ament_install'
[0.128s] Level 1:colcon.colcon_core.package_identification:_identify(src/my_robot_controllers) by extensions ['colcon_pkg']
[0.128s] Level 1:colcon.colcon_core.package_identification:_identify(src/my_robot_controllers) by extension 'colcon_pkg'
[0.128s] Level 1:colcon.colcon_core.package_identification:_identify(src/my_robot_controllers) by extensions ['colcon_meta']
[0.129s] Level 1:colcon.colcon_core.package_identification:_identify(src/my_robot_controllers) by extension 'colcon_meta'
[0.129s] Level 1:colcon.colcon_core.package_identification:_identify(src/my_robot_controllers) by extensions ['ros']
[0.129s] Level 1:colcon.colcon_core.package_identification:_identify(src/my_robot_controllers) by extension 'ros'
[0.131s] DEBUG:colcon.colcon_core.package_identification:Package 'src/my_robot_controllers' with type 'ros.ament_cmake' and name 'my_robot_controllers'
[0.131s] Level 1:colcon.colcon_core.package_identification:_identify(src/robot) by extensions ['ignore', 'ignore_ament_install']
[0.131s] Level 1:colcon.colcon_core.package_identification:_identify(src/robot) by extension 'ignore'
[0.131s] Level 1:colcon.colcon_core.package_identification:_identify(src/robot) by extension 'ignore_ament_install'
[0.131s] Level 1:colcon.colcon_core.package_identification:_identify(src/robot) by extensions ['colcon_pkg']
[0.131s] Level 1:colcon.colcon_core.package_identification:_identify(src/robot) by extension 'colcon_pkg'
[0.131s] Level 1:colcon.colcon_core.package_identification:_identify(src/robot) by extensions ['colcon_meta']
[0.132s] Level 1:colcon.colcon_core.package_identification:_identify(src/robot) by extension 'colcon_meta'
[0.132s] Level 1:colcon.colcon_core.package_identification:_identify(src/robot) by extensions ['ros']
[0.132s] Level 1:colcon.colcon_core.package_identification:_identify(src/robot) by extension 'ros'
[0.132s] DEBUG:colcon.colcon_core.package_identification:Package 'src/robot' with type 'ros.ament_cmake' and name 'my_arm_robot'
[0.132s] Level 1:colcon.colcon_core.package_discovery:discover_packages(recursive) using defaults
[0.132s] Level 1:colcon.colcon_core.package_discovery:discover_packages(ignore) discover
[0.132s] Level 1:colcon.colcon_core.package_discovery:discover_packages(ignore) using defaults
[0.132s] Level 1:colcon.colcon_core.package_discovery:discover_packages(path) discover
[0.132s] Level 1:colcon.colcon_core.package_discovery:discover_packages(path) using defaults
[0.150s] Level 1:colcon.colcon_core.package_discovery:discover_packages(prefix_path) check parameters
[0.150s] Level 1:colcon.colcon_core.package_discovery:discover_packages(prefix_path) discover
[0.151s] WARNING:colcon.colcon_ros.prefix_path.ament:The path '/home/nguyen1/workspace/tu_thanh_17_1/install/my_arm_robot' in the environment variable AMENT_PREFIX_PATH doesn't exist
[0.151s] WARNING:colcon.colcon_ros.prefix_path.ament:The path '/home/nguyen1/workspace/tu_thanh_17_1/install/my_robot_controllers' in the environment variable AMENT_PREFIX_PATH doesn't exist
[0.151s] WARNING:colcon.colcon_ros.prefix_path.catkin:The path '/home/nguyen1/workspace/tu_thanh_17_1/install/my_arm_robot' in the environment variable CMAKE_PREFIX_PATH doesn't exist
[0.151s] WARNING:colcon.colcon_ros.prefix_path.catkin:The path '/home/nguyen1/workspace/tu_thanh_17_1/install/my_robot_controllers' in the environment variable CMAKE_PREFIX_PATH doesn't exist
[0.151s] DEBUG:colcon.colcon_installed_package_information.package_discovery:Found 0 installed packages in /home/nguyen1/workspace/tu_thanh_17_1/install
[0.153s] DEBUG:colcon.colcon_installed_package_information.package_discovery:Found 338 installed packages in /opt/ros/humble
[0.154s] Level 1:colcon.colcon_core.package_discovery:discover_packages(prefix_path) using defaults
[0.189s] Level 5:colcon.colcon_core.verb:set package 'my_robot_controllers' build argument 'cmake_args' from command line to 'None'
[0.189s] Level 5:colcon.colcon_core.verb:set package 'my_robot_controllers' build argument 'cmake_target' from command line to 'None'
[0.189s] Level 5:colcon.colcon_core.verb:set package 'my_robot_controllers' build argument 'cmake_target_skip_unavailable' from command line to 'False'
[0.189s] Level 5:colcon.colcon_core.verb:set package 'my_robot_controllers' build argument 'cmake_clean_cache' from command line to 'False'
[0.189s] Level 5:colcon.colcon_core.verb:set package 'my_robot_controllers' build argument 'cmake_clean_first' from command line to 'False'
[0.189s] Level 5:colcon.colcon_core.verb:set package 'my_robot_controllers' build argument 'cmake_force_configure' from command line to 'False'
[0.189s] Level 5:colcon.colcon_core.verb:set package 'my_robot_controllers' build argument 'ament_cmake_args' from command line to 'None'
[0.189s] Level 5:colcon.colcon_core.verb:set package 'my_robot_controllers' build argument 'catkin_cmake_args' from command line to 'None'
[0.189s] Level 5:colcon.colcon_core.verb:set package 'my_robot_controllers' build argument 'catkin_skip_building_tests' from command line to 'False'
[0.189s] DEBUG:colcon.colcon_core.verb:Building package 'my_robot_controllers' with the following arguments: {'ament_cmake_args': None, 'build_base': '/home/nguyen1/workspace/tu_thanh_17_1/build/my_robot_controllers', 'catkin_cmake_args': None, 'catkin_skip_building_tests': False, 'cmake_args': None, 'cmake_clean_cache': False, 'cmake_clean_first': False, 'cmake_force_configure': False, 'cmake_target': None, 'cmake_target_skip_unavailable': False, 'install_base': '/home/nguyen1/workspace/tu_thanh_17_1/install/my_robot_controllers', 'merge_install': False, 'path': '/home/nguyen1/workspace/tu_thanh_17_1/src/my_robot_controllers', 'symlink_install': False, 'test_result_base': None}
[0.189s] Level 5:colcon.colcon_core.verb:set package 'my_arm_robot' build argument 'cmake_args' from command line to 'None'
[0.190s] Level 5:colcon.colcon_core.verb:set package 'my_arm_robot' build argument 'cmake_target' from command line to 'None'
[0.190s] Level 5:colcon.colcon_core.verb:set package 'my_arm_robot' build argument 'cmake_target_skip_unavailable' from command line to 'False'
[0.190s] Level 5:colcon.colcon_core.verb:set package 'my_arm_robot' build argument 'cmake_clean_cache' from command line to 'False'
[0.190s] Level 5:colcon.colcon_core.verb:set package 'my_arm_robot' build argument 'cmake_clean_first' from command line to 'False'
[0.190s] Level 5:colcon.colcon_core.verb:set package 'my_arm_robot' build argument 'cmake_force_configure' from command line to 'False'
[0.190s] Level 5:colcon.colcon_core.verb:set package 'my_arm_robot' build argument 'ament_cmake_args' from command line to 'None'
[0.190s] Level 5:colcon.colcon_core.verb:set package 'my_arm_robot' build argument 'catkin_cmake_args' from command line to 'None'
[0.190s] Level 5:colcon.colcon_core.verb:set package 'my_arm_robot' build argument 'catkin_skip_building_tests' from command line to 'False'
[0.190s] DEBUG:colcon.colcon_core.verb:Building package 'my_arm_robot' with the following arguments: {'ament_cmake_args': None, 'build_base': '/home/nguyen1/workspace/tu_thanh_17_1/build/my_arm_robot', 'catkin_cmake_args': None, 'catkin_skip_building_tests': False, 'cmake_args': None, 'cmake_clean_cache': False, 'cmake_clean_first': False, 'cmake_force_configure': False, 'cmake_target': None, 'cmake_target_skip_unavailable': False, 'install_base': '/home/nguyen1/workspace/tu_thanh_17_1/install/my_arm_robot', 'merge_install': False, 'path': '/home/nguyen1/workspace/tu_thanh_17_1/src/robot', 'symlink_install': False, 'test_result_base': None}
[0.190s] INFO:colcon.colcon_core.executor:Executing jobs using 'parallel' executor
[0.191s] DEBUG:colcon.colcon_parallel_executor.executor.parallel:run_until_complete
[0.191s] INFO:colcon.colcon_ros.task.ament_cmake.build:Building ROS package in '/home/nguyen1/workspace/tu_thanh_17_1/src/my_robot_controllers' with build type 'ament_cmake'
[0.191s] INFO:colcon.colcon_cmake.task.cmake.build:Building CMake package in '/home/nguyen1/workspace/tu_thanh_17_1/src/my_robot_controllers'
[0.193s] INFO:colcon.colcon_core.plugin_system:Skipping extension 'colcon_core.shell.bat': Not used on non-Windows systems
[0.193s] INFO:colcon.colcon_core.shell:Skip shell extension 'powershell' for command environment: Not usable outside of PowerShell
[0.193s] DEBUG:colcon.colcon_core.shell:Skip shell extension 'dsv' for command environment
[0.201s] DEBUG:colcon.colcon_core.event_handler.log_command:Invoking command in '/home/nguyen1/workspace/tu_thanh_17_1/build/my_robot_controllers': CMAKE_PREFIX_PATH=${CMAKE_PREFIX_PATH}:/opt/ros/humble /usr/bin/cmake /home/nguyen1/workspace/tu_thanh_17_1/src/my_robot_controllers -DCMAKE_INSTALL_PREFIX=/home/nguyen1/workspace/tu_thanh_17_1/install/my_robot_controllers
[1.563s] DEBUG:colcon.colcon_core.event_handler.log_command:Invoked command in '/home/nguyen1/workspace/tu_thanh_17_1/build/my_robot_controllers' returned '0': CMAKE_PREFIX_PATH=${CMAKE_PREFIX_PATH}:/opt/ros/humble /usr/bin/cmake /home/nguyen1/workspace/tu_thanh_17_1/src/my_robot_controllers -DCMAKE_INSTALL_PREFIX=/home/nguyen1/workspace/tu_thanh_17_1/install/my_robot_controllers
[1.565s] DEBUG:colcon.colcon_core.event_handler.log_command:Invoking command in '/home/nguyen1/workspace/tu_thanh_17_1/build/my_robot_controllers': CMAKE_PREFIX_PATH=${CMAKE_PREFIX_PATH}:/opt/ros/humble /usr/bin/cmake --build /home/nguyen1/workspace/tu_thanh_17_1/build/my_robot_controllers -- -j12 -l12
[9.893s] DEBUG:colcon.colcon_core.event_handler.log_command:Invoked command in '/home/nguyen1/workspace/tu_thanh_17_1/build/my_robot_controllers' returned '0': CMAKE_PREFIX_PATH=${CMAKE_PREFIX_PATH}:/opt/ros/humble /usr/bin/cmake --build /home/nguyen1/workspace/tu_thanh_17_1/build/my_robot_controllers -- -j12 -l12
[9.902s] DEBUG:colcon.colcon_core.event_handler.log_command:Invoking command in '/home/nguyen1/workspace/tu_thanh_17_1/build/my_robot_controllers': CMAKE_PREFIX_PATH=${CMAKE_PREFIX_PATH}:/opt/ros/humble /usr/bin/cmake --install /home/nguyen1/workspace/tu_thanh_17_1/build/my_robot_controllers
[9.925s] Level 1:colcon.colcon_core.environment:create_environment_scripts_only(my_robot_controllers)
[9.925s] DEBUG:colcon.colcon_core.event_handler.log_command:Invoked command in '/home/nguyen1/workspace/tu_thanh_17_1/build/my_robot_controllers' returned '0': CMAKE_PREFIX_PATH=${CMAKE_PREFIX_PATH}:/opt/ros/humble /usr/bin/cmake --install /home/nguyen1/workspace/tu_thanh_17_1/build/my_robot_controllers
[9.927s] Level 1:colcon.colcon_core.environment:checking '/home/nguyen1/workspace/tu_thanh_17_1/install/my_robot_controllers' for CMake module files
[9.927s] Level 1:colcon.colcon_core.environment:checking '/home/nguyen1/workspace/tu_thanh_17_1/install/my_robot_controllers' for CMake config files
[9.928s] Level 1:colcon.colcon_core.shell:create_environment_hook('my_robot_controllers', 'cmake_prefix_path')
[9.928s] INFO:colcon.colcon_core.shell:Creating environment hook '/home/nguyen1/workspace/tu_thanh_17_1/install/my_robot_controllers/share/my_robot_controllers/hook/cmake_prefix_path.ps1'
[9.928s] INFO:colcon.colcon_core.shell:Creating environment descriptor '/home/nguyen1/workspace/tu_thanh_17_1/install/my_robot_controllers/share/my_robot_controllers/hook/cmake_prefix_path.dsv'
[9.929s] INFO:colcon.colcon_core.shell:Creating environment hook '/home/nguyen1/workspace/tu_thanh_17_1/install/my_robot_controllers/share/my_robot_controllers/hook/cmake_prefix_path.sh'
[9.930s] Level 1:colcon.colcon_core.environment:checking '/home/nguyen1/workspace/tu_thanh_17_1/install/my_robot_controllers/lib'
[9.930s] Level 1:colcon.colcon_core.shell:create_environment_hook('my_robot_controllers', 'ld_library_path_lib')
[9.930s] INFO:colcon.colcon_core.shell:Creating environment hook '/home/nguyen1/workspace/tu_thanh_17_1/install/my_robot_controllers/share/my_robot_controllers/hook/ld_library_path_lib.ps1'
[9.930s] INFO:colcon.colcon_core.shell:Creating environment descriptor '/home/nguyen1/workspace/tu_thanh_17_1/install/my_robot_controllers/share/my_robot_controllers/hook/ld_library_path_lib.dsv'
[9.930s] INFO:colcon.colcon_core.shell:Creating environment hook '/home/nguyen1/workspace/tu_thanh_17_1/install/my_robot_controllers/share/my_robot_controllers/hook/ld_library_path_lib.sh'
[9.931s] Level 1:colcon.colcon_core.environment:checking '/home/nguyen1/workspace/tu_thanh_17_1/install/my_robot_controllers/bin'
[9.931s] Level 1:colcon.colcon_core.environment:checking '/home/nguyen1/workspace/tu_thanh_17_1/install/my_robot_controllers/lib/pkgconfig/my_robot_controllers.pc'
[9.931s] Level 1:colcon.colcon_core.environment:checking '/home/nguyen1/workspace/tu_thanh_17_1/install/my_robot_controllers/lib/python3.10/site-packages'
[9.931s] Level 1:colcon.colcon_core.environment:checking '/home/nguyen1/workspace/tu_thanh_17_1/install/my_robot_controllers/bin'
[9.931s] INFO:colcon.colcon_core.shell:Creating package script '/home/nguyen1/workspace/tu_thanh_17_1/install/my_robot_controllers/share/my_robot_controllers/package.ps1'
[9.932s] INFO:colcon.colcon_core.shell:Creating package descriptor '/home/nguyen1/workspace/tu_thanh_17_1/install/my_robot_controllers/share/my_robot_controllers/package.dsv'
[9.932s] INFO:colcon.colcon_core.shell:Creating package script '/home/nguyen1/workspace/tu_thanh_17_1/install/my_robot_controllers/share/my_robot_controllers/package.sh'
[9.933s] INFO:colcon.colcon_core.shell:Creating package script '/home/nguyen1/workspace/tu_thanh_17_1/install/my_robot_controllers/share/my_robot_controllers/package.bash'
[9.933s] INFO:colcon.colcon_core.shell:Creating package script '/home/nguyen1/workspace/tu_thanh_17_1/install/my_robot_controllers/share/my_robot_controllers/package.zsh'
[9.934s] Level 1:colcon.colcon_core.environment:create_file_with_runtime_dependencies(/home/nguyen1/workspace/tu_thanh_17_1/install/my_robot_controllers/share/colcon-core/packages/my_robot_controllers)
[9.935s] Level 1:colcon.colcon_core.environment:create_environment_scripts_only(my_robot_controllers)
[9.935s] Level 1:colcon.colcon_core.environment:checking '/home/nguyen1/workspace/tu_thanh_17_1/install/my_robot_controllers' for CMake module files
[9.935s] Level 1:colcon.colcon_core.environment:checking '/home/nguyen1/workspace/tu_thanh_17_1/install/my_robot_controllers' for CMake config files
[9.935s] Level 1:colcon.colcon_core.shell:create_environment_hook('my_robot_controllers', 'cmake_prefix_path')
[9.935s] INFO:colcon.colcon_core.shell:Creating environment hook '/home/nguyen1/workspace/tu_thanh_17_1/install/my_robot_controllers/share/my_robot_controllers/hook/cmake_prefix_path.ps1'
[9.936s] INFO:colcon.colcon_core.shell:Creating environment descriptor '/home/nguyen1/workspace/tu_thanh_17_1/install/my_robot_controllers/share/my_robot_controllers/hook/cmake_prefix_path.dsv'
[9.936s] INFO:colcon.colcon_core.shell:Creating environment hook '/home/nguyen1/workspace/tu_thanh_17_1/install/my_robot_controllers/share/my_robot_controllers/hook/cmake_prefix_path.sh'
[9.936s] Level 1:colcon.colcon_core.environment:checking '/home/nguyen1/workspace/tu_thanh_17_1/install/my_robot_controllers/lib'
[9.937s] Level 1:colcon.colcon_core.shell:create_environment_hook('my_robot_controllers', 'ld_library_path_lib')
[9.937s] INFO:colcon.colcon_core.shell:Creating environment hook '/home/nguyen1/workspace/tu_thanh_17_1/install/my_robot_controllers/share/my_robot_controllers/hook/ld_library_path_lib.ps1'
[9.937s] INFO:colcon.colcon_core.shell:Creating environment descriptor '/home/nguyen1/workspace/tu_thanh_17_1/install/my_robot_controllers/share/my_robot_controllers/hook/ld_library_path_lib.dsv'
[9.937s] INFO:colcon.colcon_core.shell:Creating environment hook '/home/nguyen1/workspace/tu_thanh_17_1/install/my_robot_controllers/share/my_robot_controllers/hook/ld_library_path_lib.sh'
[9.938s] Level 1:colcon.colcon_core.environment:checking '/home/nguyen1/workspace/tu_thanh_17_1/install/my_robot_controllers/bin'
[9.938s] Level 1:colcon.colcon_core.environment:checking '/home/nguyen1/workspace/tu_thanh_17_1/install/my_robot_controllers/lib/pkgconfig/my_robot_controllers.pc'
[9.938s] Level 1:colcon.colcon_core.environment:checking '/home/nguyen1/workspace/tu_thanh_17_1/install/my_robot_controllers/lib/python3.10/site-packages'
[9.938s] Level 1:colcon.colcon_core.environment:checking '/home/nguyen1/workspace/tu_thanh_17_1/install/my_robot_controllers/bin'
[9.938s] INFO:colcon.colcon_core.shell:Creating package script '/home/nguyen1/workspace/tu_thanh_17_1/install/my_robot_controllers/share/my_robot_controllers/package.ps1'
[9.939s] INFO:colcon.colcon_core.shell:Creating package descriptor '/home/nguyen1/workspace/tu_thanh_17_1/install/my_robot_controllers/share/my_robot_controllers/package.dsv'
[9.939s] INFO:colcon.colcon_core.shell:Creating package script '/home/nguyen1/workspace/tu_thanh_17_1/install/my_robot_controllers/share/my_robot_controllers/package.sh'
[9.939s] INFO:colcon.colcon_core.shell:Creating package script '/home/nguyen1/workspace/tu_thanh_17_1/install/my_robot_controllers/share/my_robot_controllers/package.bash'
[9.940s] INFO:colcon.colcon_core.shell:Creating package script '/home/nguyen1/workspace/tu_thanh_17_1/install/my_robot_controllers/share/my_robot_controllers/package.zsh'
[9.940s] Level 1:colcon.colcon_core.environment:create_file_with_runtime_dependencies(/home/nguyen1/workspace/tu_thanh_17_1/install/my_robot_controllers/share/colcon-core/packages/my_robot_controllers)
[9.941s] INFO:colcon.colcon_ros.task.ament_cmake.build:Building ROS package in '/home/nguyen1/workspace/tu_thanh_17_1/src/robot' with build type 'ament_cmake'
[9.941s] INFO:colcon.colcon_cmake.task.cmake.build:Building CMake package in '/home/nguyen1/workspace/tu_thanh_17_1/src/robot'
[9.941s] INFO:colcon.colcon_core.shell:Skip shell extension 'powershell' for command environment: Not usable outside of PowerShell
[9.941s] DEBUG:colcon.colcon_core.shell:Skip shell extension 'dsv' for command environment
[9.949s] DEBUG:colcon.colcon_core.event_handler.log_command:Invoking command in '/home/nguyen1/workspace/tu_thanh_17_1/build/my_arm_robot': CMAKE_PREFIX_PATH=/home/nguyen1/workspace/tu_thanh_17_1/install/my_robot_controllers:/home/nguyen1/workspace/tu_thanh_17_1/install/my_arm_robot:/opt/ros/humble LD_LIBRARY_PATH=/home/nguyen1/workspace/tu_thanh_17_1/install/my_robot_controllers/lib:/usr/lib/x86_64-linux-gnu:/usr/lib/x86_64-linux-gnu/gazebo-11/plugins:/opt/ros/humble/opt/rviz_ogre_vendor/lib:/opt/ros/humble/lib/x86_64-linux-gnu:/opt/ros/humble/lib:/usr/lib/x86_64-linux-gnu /usr/bin/cmake /home/nguyen1/workspace/tu_thanh_17_1/src/robot -DCMAKE_INSTALL_PREFIX=/home/nguyen1/workspace/tu_thanh_17_1/install/my_arm_robot
[10.703s] DEBUG:colcon.colcon_core.event_handler.log_command:Invoked command in '/home/nguyen1/workspace/tu_thanh_17_1/build/my_arm_robot' returned '0': CMAKE_PREFIX_PATH=/home/nguyen1/workspace/tu_thanh_17_1/install/my_robot_controllers:/home/nguyen1/workspace/tu_thanh_17_1/install/my_arm_robot:/opt/ros/humble LD_LIBRARY_PATH=/home/nguyen1/workspace/tu_thanh_17_1/install/my_robot_controllers/lib:/usr/lib/x86_64-linux-gnu:/usr/lib/x86_64-linux-gnu/gazebo-11/plugins:/opt/ros/humble/opt/rviz_ogre_vendor/lib:/opt/ros/humble/lib/x86_64-linux-gnu:/opt/ros/humble/lib:/usr/lib/x86_64-linux-gnu /usr/bin/cmake /home/nguyen1/workspace/tu_thanh_17_1/src/robot -DCMAKE_INSTALL_PREFIX=/home/nguyen1/workspace/tu_thanh_17_1/install/my_arm_robot
[10.705s] DEBUG:colcon.colcon_core.event_handler.log_command:Invoking command in '/home/nguyen1/workspace/tu_thanh_17_1/build/my_arm_robot': CMAKE_PREFIX_PATH=/home/nguyen1/workspace/tu_thanh_17_1/install/my_robot_controllers:/home/nguyen1/workspace/tu_thanh_17_1/install/my_arm_robot:/opt/ros/humble LD_LIBRARY_PATH=/home/nguyen1/workspace/tu_thanh_17_1/install/my_robot_controllers/lib:/usr/lib/x86_64-linux-gnu:/usr/lib/x86_64-linux-gnu/gazebo-11/plugins:/opt/ros/humble/opt/rviz_ogre_vendor/lib:/opt/ros/humble/lib/x86_64-linux-gnu:/opt/ros/humble/lib:/usr/lib/x86_64-linux-gnu /usr/bin/cmake --build /home/nguyen1/workspace/tu_thanh_17_1/build/my_arm_robot -- -j12 -l12
[10.747s] DEBUG:colcon.colcon_core.event_handler.log_command:Invoked command in '/home/nguyen1/workspace/tu_thanh_17_1/build/my_arm_robot' returned '0': CMAKE_PREFIX_PATH=/home/nguyen1/workspace/tu_thanh_17_1/install/my_robot_controllers:/home/nguyen1/workspace/tu_thanh_17_1/install/my_arm_robot:/opt/ros/humble LD_LIBRARY_PATH=/home/nguyen1/workspace/tu_thanh_17_1/install/my_robot_controllers/lib:/usr/lib/x86_64-linux-gnu:/usr/lib/x86_64-linux-gnu/gazebo-11/plugins:/opt/ros/humble/opt/rviz_ogre_vendor/lib:/opt/ros/humble/lib/x86_64-linux-gnu:/opt/ros/humble/lib:/usr/lib/x86_64-linux-gnu /usr/bin/cmake --build /home/nguyen1/workspace/tu_thanh_17_1/build/my_arm_robot -- -j12 -l12
[10.749s] DEBUG:colcon.colcon_core.event_handler.log_command:Invoking command in '/home/nguyen1/workspace/tu_thanh_17_1/build/my_arm_robot': CMAKE_PREFIX_PATH=/home/nguyen1/workspace/tu_thanh_17_1/install/my_robot_controllers:/home/nguyen1/workspace/tu_thanh_17_1/install/my_arm_robot:/opt/ros/humble LD_LIBRARY_PATH=/home/nguyen1/workspace/tu_thanh_17_1/install/my_robot_controllers/lib:/usr/lib/x86_64-linux-gnu:/usr/lib/x86_64-linux-gnu/gazebo-11/plugins:/opt/ros/humble/opt/rviz_ogre_vendor/lib:/opt/ros/humble/lib/x86_64-linux-gnu:/opt/ros/humble/lib:/usr/lib/x86_64-linux-gnu /usr/bin/cmake --install /home/nguyen1/workspace/tu_thanh_17_1/build/my_arm_robot
[10.779s] Level 1:colcon.colcon_core.environment:create_environment_scripts_only(my_arm_robot)
[10.780s] Level 1:colcon.colcon_core.environment:checking '/home/nguyen1/workspace/tu_thanh_17_1/install/my_arm_robot' for CMake module files
[10.780s] DEBUG:colcon.colcon_core.event_handler.log_command:Invoked command in '/home/nguyen1/workspace/tu_thanh_17_1/build/my_arm_robot' returned '0': CMAKE_PREFIX_PATH=/home/nguyen1/workspace/tu_thanh_17_1/install/my_robot_controllers:/home/nguyen1/workspace/tu_thanh_17_1/install/my_arm_robot:/opt/ros/humble LD_LIBRARY_PATH=/home/nguyen1/workspace/tu_thanh_17_1/install/my_robot_controllers/lib:/usr/lib/x86_64-linux-gnu:/usr/lib/x86_64-linux-gnu/gazebo-11/plugins:/opt/ros/humble/opt/rviz_ogre_vendor/lib:/opt/ros/humble/lib/x86_64-linux-gnu:/opt/ros/humble/lib:/usr/lib/x86_64-linux-gnu /usr/bin/cmake --install /home/nguyen1/workspace/tu_thanh_17_1/build/my_arm_robot
[10.780s] Level 1:colcon.colcon_core.environment:checking '/home/nguyen1/workspace/tu_thanh_17_1/install/my_arm_robot' for CMake config files
[10.780s] Level 1:colcon.colcon_core.shell:create_environment_hook('my_arm_robot', 'cmake_prefix_path')
[10.781s] INFO:colcon.colcon_core.shell:Creating environment hook '/home/nguyen1/workspace/tu_thanh_17_1/install/my_arm_robot/share/my_arm_robot/hook/cmake_prefix_path.ps1'
[10.781s] INFO:colcon.colcon_core.shell:Creating environment descriptor '/home/nguyen1/workspace/tu_thanh_17_1/install/my_arm_robot/share/my_arm_robot/hook/cmake_prefix_path.dsv'
[10.781s] INFO:colcon.colcon_core.shell:Creating environment hook '/home/nguyen1/workspace/tu_thanh_17_1/install/my_arm_robot/share/my_arm_robot/hook/cmake_prefix_path.sh'
[10.782s] Level 1:colcon.colcon_core.environment:checking '/home/nguyen1/workspace/tu_thanh_17_1/install/my_arm_robot/bin'
[10.782s] Level 1:colcon.colcon_core.environment:checking '/home/nguyen1/workspace/tu_thanh_17_1/install/my_arm_robot/lib/pkgconfig/my_arm_robot.pc'
[10.782s] Level 1:colcon.colcon_core.environment:checking '/home/nguyen1/workspace/tu_thanh_17_1/install/my_arm_robot/lib/python3.10/site-packages'
[10.782s] Level 1:colcon.colcon_core.environment:checking '/home/nguyen1/workspace/tu_thanh_17_1/install/my_arm_robot/bin'
[10.782s] INFO:colcon.colcon_core.shell:Creating package script '/home/nguyen1/workspace/tu_thanh_17_1/install/my_arm_robot/share/my_arm_robot/package.ps1'
[10.783s] INFO:colcon.colcon_core.shell:Creating package descriptor '/home/nguyen1/workspace/tu_thanh_17_1/install/my_arm_robot/share/my_arm_robot/package.dsv'
[10.783s] INFO:colcon.colcon_core.shell:Creating package script '/home/nguyen1/workspace/tu_thanh_17_1/install/my_arm_robot/share/my_arm_robot/package.sh'
[10.783s] INFO:colcon.colcon_core.shell:Creating package script '/home/nguyen1/workspace/tu_thanh_17_1/install/my_arm_robot/share/my_arm_robot/package.bash'
[10.784s] INFO:colcon.colcon_core.shell:Creating package script '/home/nguyen1/workspace/tu_thanh_17_1/install/my_arm_robot/share/my_arm_robot/package.zsh'
[10.784s] Level 1:colcon.colcon_core.environment:create_file_with_runtime_dependencies(/home/nguyen1/workspace/tu_thanh_17_1/install/my_arm_robot/share/colcon-core/packages/my_arm_robot)
[10.784s] Level 1:colcon.colcon_core.environment:create_environment_scripts_only(my_arm_robot)
[10.784s] Level 1:colcon.colcon_core.environment:checking '/home/nguyen1/workspace/tu_thanh_17_1/install/my_arm_robot' for CMake module files
[10.785s] Level 1:colcon.colcon_core.environment:checking '/home/nguyen1/workspace/tu_thanh_17_1/install/my_arm_robot' for CMake config files
[10.785s] Level 1:colcon.colcon_core.shell:create_environment_hook('my_arm_robot', 'cmake_prefix_path')
[10.785s] INFO:colcon.colcon_core.shell:Creating environment hook '/home/nguyen1/workspace/tu_thanh_17_1/install/my_arm_robot/share/my_arm_robot/hook/cmake_prefix_path.ps1'
[10.785s] INFO:colcon.colcon_core.shell:Creating environment descriptor '/home/nguyen1/workspace/tu_thanh_17_1/install/my_arm_robot/share/my_arm_robot/hook/cmake_prefix_path.dsv'
[10.786s] INFO:colcon.colcon_core.shell:Creating environment hook '/home/nguyen1/workspace/tu_thanh_17_1/install/my_arm_robot/share/my_arm_robot/hook/cmake_prefix_path.sh'
[10.786s] Level 1:colcon.colcon_core.environment:checking '/home/nguyen1/workspace/tu_thanh_17_1/install/my_arm_robot/bin'
[10.786s] Level 1:colcon.colcon_core.environment:checking '/home/nguyen1/workspace/tu_thanh_17_1/install/my_arm_robot/lib/pkgconfig/my_arm_robot.pc'
[10.786s] Level 1:colcon.colcon_core.environment:checking '/home/nguyen1/workspace/tu_thanh_17_1/install/my_arm_robot/lib/python3.10/site-packages'
[10.787s] Level 1:colcon.colcon_core.environment:checking '/home/nguyen1/workspace/tu_thanh_17_1/install/my_arm_robot/bin'
[10.787s] INFO:colcon.colcon_core.shell:Creating package script '/home/nguyen1/workspace/tu_thanh_17_1/install/my_arm_robot/share/my_arm_robot/package.ps1'
[10.787s] INFO:colcon.colcon_core.shell:Creating package descriptor '/home/nguyen1/workspace/tu_thanh_17_1/install/my_arm_robot/share/my_arm_robot/package.dsv'
[10.788s] INFO:colcon.colcon_core.shell:Creating package script '/home/nguyen1/workspace/tu_thanh_17_1/install/my_arm_robot/share/my_arm_robot/package.sh'
[10.788s] INFO:colcon.colcon_core.shell:Creating package script '/home/nguyen1/workspace/tu_thanh_17_1/install/my_arm_robot/share/my_arm_robot/package.bash'
[10.788s] INFO:colcon.colcon_core.shell:Creating package script '/home/nguyen1/workspace/tu_thanh_17_1/install/my_arm_robot/share/my_arm_robot/package.zsh'
[10.789s] Level 1:colcon.colcon_core.environment:create_file_with_runtime_dependencies(/home/nguyen1/workspace/tu_thanh_17_1/install/my_arm_robot/share/colcon-core/packages/my_arm_robot)
[10.789s] DEBUG:colcon.colcon_parallel_executor.executor.parallel:closing loop
[10.789s] DEBUG:colcon.colcon_parallel_executor.executor.parallel:loop closed
[10.789s] DEBUG:colcon.colcon_parallel_executor.executor.parallel:run_until_complete finished with '0'
[10.789s] DEBUG:colcon.colcon_core.event_reactor:joining thread
[10.793s] INFO:colcon.colcon_core.plugin_system:Skipping extension 'colcon_notification.desktop_notification.terminal_notifier': Not used on non-Darwin systems
[10.793s] INFO:colcon.colcon_core.plugin_system:Skipping extension 'colcon_notification.desktop_notification.win32': Not used on non-Windows systems
[10.793s] INFO:colcon.colcon_notification.desktop_notification:Sending desktop notification using 'notify2'
[10.804s] DEBUG:colcon.colcon_core.event_reactor:joined thread
[10.804s] INFO:colcon.colcon_core.shell:Creating prefix script '/home/nguyen1/workspace/tu_thanh_17_1/install/local_setup.ps1'
[10.805s] INFO:colcon.colcon_core.shell:Creating prefix util module '/home/nguyen1/workspace/tu_thanh_17_1/install/_local_setup_util_ps1.py'
[10.806s] INFO:colcon.colcon_core.shell:Creating prefix chain script '/home/nguyen1/workspace/tu_thanh_17_1/install/setup.ps1'
[10.807s] INFO:colcon.colcon_core.shell:Creating prefix script '/home/nguyen1/workspace/tu_thanh_17_1/install/local_setup.sh'
[10.808s] INFO:colcon.colcon_core.shell:Creating prefix util module '/home/nguyen1/workspace/tu_thanh_17_1/install/_local_setup_util_sh.py'
[10.808s] INFO:colcon.colcon_core.shell:Creating prefix chain script '/home/nguyen1/workspace/tu_thanh_17_1/install/setup.sh'
[10.809s] INFO:colcon.colcon_core.shell:Creating prefix script '/home/nguyen1/workspace/tu_thanh_17_1/install/local_setup.bash'
[10.810s] INFO:colcon.colcon_core.shell:Creating prefix chain script '/home/nguyen1/workspace/tu_thanh_17_1/install/setup.bash'
[10.811s] INFO:colcon.colcon_core.shell:Creating prefix script '/home/nguyen1/workspace/tu_thanh_17_1/install/local_setup.zsh'
[10.811s] INFO:colcon.colcon_core.shell:Creating prefix chain script '/home/nguyen1/workspace/tu_thanh_17_1/install/setup.zsh'
