[0.008s] Invoking command in '/home/nguyen1/workspace/tu_thanh_17_1/build/my_arm_robot': CMAKE_PREFIX_PATH=/home/nguyen1/workspace/tu_thanh_17_1/install/my_robot_controllers:/home/nguyen1/workspace/tu_thanh_17_1/install/my_arm_robot:/opt/ros/humble LD_LIBRARY_PATH=/home/nguyen1/workspace/tu_thanh_17_1/install/my_robot_controllers/lib:/usr/lib/x86_64-linux-gnu:/usr/lib/x86_64-linux-gnu/gazebo-11/plugins:/opt/ros/humble/opt/rviz_ogre_vendor/lib:/opt/ros/humble/lib/x86_64-linux-gnu:/opt/ros/humble/lib:/usr/lib/x86_64-linux-gnu /usr/bin/cmake /home/nguyen1/workspace/tu_thanh_17_1/src/robot -DCMAKE_INSTALL_PREFIX=/home/nguyen1/workspace/tu_thanh_17_1/install/my_arm_robot
[0.056s] -- The C compiler identification is GNU 11.4.0
[0.104s] -- The CXX compiler identification is GNU 11.4.0
[0.110s] -- Detecting C compiler ABI info
[0.176s] -- Detecting C compiler ABI info - done
[0.182s] -- Check for working C compiler: /usr/bin/cc - skipped
[0.182s] -- Detecting C compile features
[0.182s] -- Detecting C compile features - done
[0.185s] -- Detecting CXX compiler ABI info
[0.260s] -- Detecting CXX compiler ABI info - done
[0.267s] -- Check for working CXX compiler: /usr/bin/c++ - skipped
[0.267s] -- Detecting CXX compile features
[0.268s] -- Detecting CXX compile features - done
[0.270s] -- Found ament_cmake: 1.3.12 (/opt/ros/humble/share/ament_cmake/cmake)
[0.602s] -- Found Python3: /usr/bin/python3 (found version "3.10.12") found components: Interpreter 
[0.751s] -- Configuring done
[0.755s] -- Generating done
[0.757s] -- Build files have been written to: /home/nguyen1/workspace/tu_thanh_17_1/build/my_arm_robot
[0.762s] Invoked command in '/home/nguyen1/workspace/tu_thanh_17_1/build/my_arm_robot' returned '0': CMAKE_PREFIX_PATH=/home/nguyen1/workspace/tu_thanh_17_1/install/my_robot_controllers:/home/nguyen1/workspace/tu_thanh_17_1/install/my_arm_robot:/opt/ros/humble LD_LIBRARY_PATH=/home/nguyen1/workspace/tu_thanh_17_1/install/my_robot_controllers/lib:/usr/lib/x86_64-linux-gnu:/usr/lib/x86_64-linux-gnu/gazebo-11/plugins:/opt/ros/humble/opt/rviz_ogre_vendor/lib:/opt/ros/humble/lib/x86_64-linux-gnu:/opt/ros/humble/lib:/usr/lib/x86_64-linux-gnu /usr/bin/cmake /home/nguyen1/workspace/tu_thanh_17_1/src/robot -DCMAKE_INSTALL_PREFIX=/home/nguyen1/workspace/tu_thanh_17_1/install/my_arm_robot
[0.763s] Invoking command in '/home/nguyen1/workspace/tu_thanh_17_1/build/my_arm_robot': CMAKE_PREFIX_PATH=/home/nguyen1/workspace/tu_thanh_17_1/install/my_robot_controllers:/home/nguyen1/workspace/tu_thanh_17_1/install/my_arm_robot:/opt/ros/humble LD_LIBRARY_PATH=/home/nguyen1/workspace/tu_thanh_17_1/install/my_robot_controllers/lib:/usr/lib/x86_64-linux-gnu:/usr/lib/x86_64-linux-gnu/gazebo-11/plugins:/opt/ros/humble/opt/rviz_ogre_vendor/lib:/opt/ros/humble/lib/x86_64-linux-gnu:/opt/ros/humble/lib:/usr/lib/x86_64-linux-gnu /usr/bin/cmake --build /home/nguyen1/workspace/tu_thanh_17_1/build/my_arm_robot -- -j12 -l12
[0.806s] Invoked command in '/home/nguyen1/workspace/tu_thanh_17_1/build/my_arm_robot' returned '0': CMAKE_PREFIX_PATH=/home/nguyen1/workspace/tu_thanh_17_1/install/my_robot_controllers:/home/nguyen1/workspace/tu_thanh_17_1/install/my_arm_robot:/opt/ros/humble LD_LIBRARY_PATH=/home/nguyen1/workspace/tu_thanh_17_1/install/my_robot_controllers/lib:/usr/lib/x86_64-linux-gnu:/usr/lib/x86_64-linux-gnu/gazebo-11/plugins:/opt/ros/humble/opt/rviz_ogre_vendor/lib:/opt/ros/humble/lib/x86_64-linux-gnu:/opt/ros/humble/lib:/usr/lib/x86_64-linux-gnu /usr/bin/cmake --build /home/nguyen1/workspace/tu_thanh_17_1/build/my_arm_robot -- -j12 -l12
[0.807s] Invoking command in '/home/nguyen1/workspace/tu_thanh_17_1/build/my_arm_robot': CMAKE_PREFIX_PATH=/home/nguyen1/workspace/tu_thanh_17_1/install/my_robot_controllers:/home/nguyen1/workspace/tu_thanh_17_1/install/my_arm_robot:/opt/ros/humble LD_LIBRARY_PATH=/home/nguyen1/workspace/tu_thanh_17_1/install/my_robot_controllers/lib:/usr/lib/x86_64-linux-gnu:/usr/lib/x86_64-linux-gnu/gazebo-11/plugins:/opt/ros/humble/opt/rviz_ogre_vendor/lib:/opt/ros/humble/lib/x86_64-linux-gnu:/opt/ros/humble/lib:/usr/lib/x86_64-linux-gnu /usr/bin/cmake --install /home/nguyen1/workspace/tu_thanh_17_1/build/my_arm_robot
[0.815s] -- Install configuration: ""
[0.815s] -- Installing: /home/nguyen1/workspace/tu_thanh_17_1/install/my_arm_robot/share/my_arm_robot/launch
[0.815s] -- Installing: /home/nguyen1/workspace/tu_thanh_17_1/install/my_arm_robot/share/my_arm_robot/launch/display.launch.py
[0.815s] -- Installing: /home/nguyen1/workspace/tu_thanh_17_1/install/my_arm_robot/share/my_arm_robot/launch/robot_bringup.launch.py
[0.815s] -- Installing: /home/nguyen1/workspace/tu_thanh_17_1/install/my_arm_robot/share/my_arm_robot/meshes
[0.815s] -- Installing: /home/nguyen1/workspace/tu_thanh_17_1/install/my_arm_robot/share/my_arm_robot/meshes/Link_4.STL
[0.819s] -- Installing: /home/nguyen1/workspace/tu_thanh_17_1/install/my_arm_robot/share/my_arm_robot/meshes/Link_5.STL
[0.821s] -- Installing: /home/nguyen1/workspace/tu_thanh_17_1/install/my_arm_robot/share/my_arm_robot/meshes/Gap_base.STL
[0.823s] -- Installing: /home/nguyen1/workspace/tu_thanh_17_1/install/my_arm_robot/share/my_arm_robot/meshes/Gap_motor.STL
[0.823s] -- Installing: /home/nguyen1/workspace/tu_thanh_17_1/install/my_arm_robot/share/my_arm_robot/meshes/Link_3.STL
[0.824s] -- Installing: /home/nguyen1/workspace/tu_thanh_17_1/install/my_arm_robot/share/my_arm_robot/meshes/right_finger.STL
[0.825s] -- Installing: /home/nguyen1/workspace/tu_thanh_17_1/install/my_arm_robot/share/my_arm_robot/meshes/base_link.STL
[0.827s] -- Installing: /home/nguyen1/workspace/tu_thanh_17_1/install/my_arm_robot/share/my_arm_robot/meshes/Link_6.STL
[0.829s] -- Installing: /home/nguyen1/workspace/tu_thanh_17_1/install/my_arm_robot/share/my_arm_robot/meshes/left_finger.STL
[0.829s] -- Installing: /home/nguyen1/workspace/tu_thanh_17_1/install/my_arm_robot/share/my_arm_robot/meshes/Link_2.STL
[0.831s] -- Installing: /home/nguyen1/workspace/tu_thanh_17_1/install/my_arm_robot/share/my_arm_robot/meshes/Link_1.STL
[0.833s] -- Installing: /home/nguyen1/workspace/tu_thanh_17_1/install/my_arm_robot/share/my_arm_robot/urdf
[0.833s] -- Installing: /home/nguyen1/workspace/tu_thanh_17_1/install/my_arm_robot/share/my_arm_robot/urdf/robot.urdf
[0.833s] -- Installing: /home/nguyen1/workspace/tu_thanh_17_1/install/my_arm_robot/share/my_arm_robot/urdf/robot.csv
[0.833s] -- Installing: /home/nguyen1/workspace/tu_thanh_17_1/install/my_arm_robot/share/my_arm_robot/rviz
[0.834s] -- Installing: /home/nguyen1/workspace/tu_thanh_17_1/install/my_arm_robot/share/my_arm_robot/rviz/default.rviz
[0.834s] -- Installing: /home/nguyen1/workspace/tu_thanh_17_1/install/my_arm_robot/share/ament_index/resource_index/package_run_dependencies/my_arm_robot
[0.834s] -- Installing: /home/nguyen1/workspace/tu_thanh_17_1/install/my_arm_robot/share/ament_index/resource_index/parent_prefix_path/my_arm_robot
[0.834s] -- Installing: /home/nguyen1/workspace/tu_thanh_17_1/install/my_arm_robot/share/my_arm_robot/environment/ament_prefix_path.sh
[0.834s] -- Installing: /home/nguyen1/workspace/tu_thanh_17_1/install/my_arm_robot/share/my_arm_robot/environment/ament_prefix_path.dsv
[0.834s] -- Installing: /home/nguyen1/workspace/tu_thanh_17_1/install/my_arm_robot/share/my_arm_robot/environment/path.sh
[0.835s] -- Installing: /home/nguyen1/workspace/tu_thanh_17_1/install/my_arm_robot/share/my_arm_robot/environment/path.dsv
[0.835s] -- Installing: /home/nguyen1/workspace/tu_thanh_17_1/install/my_arm_robot/share/my_arm_robot/local_setup.bash
[0.835s] -- Installing: /home/nguyen1/workspace/tu_thanh_17_1/install/my_arm_robot/share/my_arm_robot/local_setup.sh
[0.835s] -- Installing: /home/nguyen1/workspace/tu_thanh_17_1/install/my_arm_robot/share/my_arm_robot/local_setup.zsh
[0.835s] -- Installing: /home/nguyen1/workspace/tu_thanh_17_1/install/my_arm_robot/share/my_arm_robot/local_setup.dsv
[0.835s] -- Installing: /home/nguyen1/workspace/tu_thanh_17_1/install/my_arm_robot/share/my_arm_robot/package.dsv
[0.835s] -- Installing: /home/nguyen1/workspace/tu_thanh_17_1/install/my_arm_robot/share/ament_index/resource_index/packages/my_arm_robot
[0.836s] -- Installing: /home/nguyen1/workspace/tu_thanh_17_1/install/my_arm_robot/share/my_arm_robot/cmake/my_arm_robotConfig.cmake
[0.836s] -- Installing: /home/nguyen1/workspace/tu_thanh_17_1/install/my_arm_robot/share/my_arm_robot/cmake/my_arm_robotConfig-version.cmake
[0.836s] -- Installing: /home/nguyen1/workspace/tu_thanh_17_1/install/my_arm_robot/share/my_arm_robot/package.xml
[0.838s] Invoked command in '/home/nguyen1/workspace/tu_thanh_17_1/build/my_arm_robot' returned '0': CMAKE_PREFIX_PATH=/home/nguyen1/workspace/tu_thanh_17_1/install/my_robot_controllers:/home/nguyen1/workspace/tu_thanh_17_1/install/my_arm_robot:/opt/ros/humble LD_LIBRARY_PATH=/home/nguyen1/workspace/tu_thanh_17_1/install/my_robot_controllers/lib:/usr/lib/x86_64-linux-gnu:/usr/lib/x86_64-linux-gnu/gazebo-11/plugins:/opt/ros/humble/opt/rviz_ogre_vendor/lib:/opt/ros/humble/lib/x86_64-linux-gnu:/opt/ros/humble/lib:/usr/lib/x86_64-linux-gnu /usr/bin/cmake --install /home/nguyen1/workspace/tu_thanh_17_1/build/my_arm_robot
