[0.009s] Invoking command in '/home/nguyen1/workspace/tu_thanh_17_1/build/my_robot_controllers': CMAKE_PREFIX_PATH=${CMAKE_PREFIX_PATH}:/opt/ros/humble /usr/bin/cmake /home/nguyen1/workspace/tu_thanh_17_1/src/my_robot_controllers -DCMAKE_INSTALL_PREFIX=/home/nguyen1/workspace/tu_thanh_17_1/install/my_robot_controllers
[0.058s] -- The C compiler identification is GNU 11.4.0
[0.106s] -- The CXX compiler identification is GNU 11.4.0
[0.112s] -- Detecting C compiler ABI info
[0.177s] -- Detecting C compiler ABI info - done
[0.182s] -- Check for working C compiler: /usr/bin/cc - skipped
[0.183s] -- Detecting C compile features
[0.183s] -- Detecting C compile features - done
[0.185s] -- Detecting CXX compiler ABI info
[0.256s] -- Detecting CXX compiler ABI info - done
[0.262s] -- Check for working CXX compiler: /usr/bin/c++ - skipped
[0.262s] -- Detecting CXX compile features
[0.262s] -- Detecting CXX compile features - done
[0.265s] -- Found ament_cmake: 1.3.12 (/opt/ros/humble/share/ament_cmake/cmake)
[0.585s] -- Found Python3: /usr/bin/python3 (found version "3.10.12") found components: Interpreter 
[0.666s] -- Found rclcpp: 16.0.16 (/opt/ros/humble/share/rclcpp/cmake)
[0.701s] -- Found rosidl_generator_c: 3.1.7 (/opt/ros/humble/share/rosidl_generator_c/cmake)
[0.704s] -- Found rosidl_adapter: 3.1.7 (/opt/ros/humble/share/rosidl_adapter/cmake)
[0.711s] -- Found rosidl_generator_cpp: 3.1.7 (/opt/ros/humble/share/rosidl_generator_cpp/cmake)
[0.721s] -- Using all available rosidl_typesupport_c: rosidl_typesupport_fastrtps_c;rosidl_typesupport_introspection_c
[0.734s] -- Using all available rosidl_typesupport_cpp: rosidl_typesupport_fastrtps_cpp;rosidl_typesupport_introspection_cpp
[0.769s] -- Found rmw_implementation_cmake: 6.1.2 (/opt/ros/humble/share/rmw_implementation_cmake/cmake)
[0.771s] -- Found rmw_fastrtps_cpp: 6.2.9 (/opt/ros/humble/share/rmw_fastrtps_cpp/cmake)
[0.850s] -- Found OpenSSL: /usr/lib/x86_64-linux-gnu/libcrypto.so (found version "3.0.2")  
[0.880s] -- Found FastRTPS: /opt/ros/humble/include  
[0.924s] -- Using RMW implementation 'rmw_fastrtps_cpp' as default
[0.931s] -- Looking for pthread.h
[0.994s] -- Looking for pthread.h - found
[0.995s] -- Performing Test CMAKE_HAVE_LIBC_PTHREAD
[1.060s] -- Performing Test CMAKE_HAVE_LIBC_PTHREAD - Success
[1.061s] -- Found Threads: TRUE  
[1.106s] -- Found pluginlib: 5.1.2 (/opt/ros/humble/share/pluginlib/cmake)
[1.135s] -- Found controller_interface: 2.52.2 (/opt/ros/humble/share/controller_interface/cmake)
[1.250s] -- Found kdl_parser: 2.6.4 (/opt/ros/humble/share/kdl_parser/cmake)
[1.262s] -- Found eigen3_cmake_module: 0.1.1 (/opt/ros/humble/share/eigen3_cmake_module/cmake)
[1.263s] -- Found Eigen3: TRUE (found version "3.4.0") 
[1.263s] -- Ensuring Eigen3 include directory is part of orocos-kdl CMake target
[1.268s] -- Found realtime_tools: 2.14.1 (/opt/ros/humble/share/realtime_tools/cmake)
[1.339s] -- Configuring done
[1.353s] -- Generating done
[1.357s] -- Build files have been written to: /home/nguyen1/workspace/tu_thanh_17_1/build/my_robot_controllers
[1.372s] Invoked command in '/home/nguyen1/workspace/tu_thanh_17_1/build/my_robot_controllers' returned '0': CMAKE_PREFIX_PATH=${CMAKE_PREFIX_PATH}:/opt/ros/humble /usr/bin/cmake /home/nguyen1/workspace/tu_thanh_17_1/src/my_robot_controllers -DCMAKE_INSTALL_PREFIX=/home/nguyen1/workspace/tu_thanh_17_1/install/my_robot_controllers
[1.373s] Invoking command in '/home/nguyen1/workspace/tu_thanh_17_1/build/my_robot_controllers': CMAKE_PREFIX_PATH=${CMAKE_PREFIX_PATH}:/opt/ros/humble /usr/bin/cmake --build /home/nguyen1/workspace/tu_thanh_17_1/build/my_robot_controllers -- -j12 -l12
[1.422s] [ 83%] [32mBuilding CXX object CMakeFiles/cartesian_velocity_controller.dir/src/algo/fk_solver.cpp.o[0m
[1.422s] [ 83%] [32mBuilding CXX object CMakeFiles/cartesian_velocity_controller.dir/src/algo/robot_kinematics.cpp.o[0m
[1.422s] [ 83%] [32mBuilding CXX object CMakeFiles/cartesian_velocity_controller.dir/src/algo/math_utils.cpp.o[0m
[1.422s] [ 83%] [32mBuilding CXX object CMakeFiles/cartesian_velocity_controller.dir/src/cartesian_velocity_controller.cpp.o[0m
[1.422s] [ 83%] [32mBuilding CXX object CMakeFiles/cartesian_velocity_controller.dir/src/algo/jacobian_solver.cpp.o[0m
[9.217s] [100%] [32m[1mLinking CXX shared library libcartesian_velocity_controller.so[0m
[9.688s] [100%] Built target cartesian_velocity_controller
[9.701s] Invoked command in '/home/nguyen1/workspace/tu_thanh_17_1/build/my_robot_controllers' returned '0': CMAKE_PREFIX_PATH=${CMAKE_PREFIX_PATH}:/opt/ros/humble /usr/bin/cmake --build /home/nguyen1/workspace/tu_thanh_17_1/build/my_robot_controllers -- -j12 -l12
[9.710s] Invoking command in '/home/nguyen1/workspace/tu_thanh_17_1/build/my_robot_controllers': CMAKE_PREFIX_PATH=${CMAKE_PREFIX_PATH}:/opt/ros/humble /usr/bin/cmake --install /home/nguyen1/workspace/tu_thanh_17_1/build/my_robot_controllers
[9.717s] -- Install configuration: ""
[9.717s] -- Installing: /home/nguyen1/workspace/tu_thanh_17_1/install/my_robot_controllers/share/my_robot_controllers/my_robot_controllers_plugins.xml
[9.717s] -- Installing: /home/nguyen1/workspace/tu_thanh_17_1/install/my_robot_controllers/lib/libcartesian_velocity_controller.so
[9.727s] -- Set runtime path of "/home/nguyen1/workspace/tu_thanh_17_1/install/my_robot_controllers/lib/libcartesian_velocity_controller.so" to ""
[9.727s] -- Up-to-date: /home/nguyen1/workspace/tu_thanh_17_1/install/my_robot_controllers/share/my_robot_controllers/my_robot_controllers_plugins.xml
[9.727s] -- Installing: /home/nguyen1/workspace/tu_thanh_17_1/install/my_robot_controllers/include
[9.727s] -- Installing: /home/nguyen1/workspace/tu_thanh_17_1/install/my_robot_controllers/include/my_robot_controllers
[9.727s] -- Installing: /home/nguyen1/workspace/tu_thanh_17_1/install/my_robot_controllers/include/my_robot_controllers/cartesian_velocity_controller.hpp
[9.727s] -- Installing: /home/nguyen1/workspace/tu_thanh_17_1/install/my_robot_controllers/include/my_robot_controllers/algo
[9.727s] -- Installing: /home/nguyen1/workspace/tu_thanh_17_1/install/my_robot_controllers/include/my_robot_controllers/algo/math_utils.hpp
[9.728s] -- Installing: /home/nguyen1/workspace/tu_thanh_17_1/install/my_robot_controllers/include/my_robot_controllers/algo/jacobian_solver.hpp
[9.728s] -- Installing: /home/nguyen1/workspace/tu_thanh_17_1/install/my_robot_controllers/include/my_robot_controllers/algo/fk_solver.hpp
[9.728s] -- Installing: /home/nguyen1/workspace/tu_thanh_17_1/install/my_robot_controllers/include/my_robot_controllers/algo/types.hpp
[9.728s] -- Installing: /home/nguyen1/workspace/tu_thanh_17_1/install/my_robot_controllers/include/my_robot_controllers/algo/robot_kinematics.hpp
[9.728s] -- Installing: /home/nguyen1/workspace/tu_thanh_17_1/install/my_robot_controllers/share/my_robot_controllers/config
[9.728s] -- Installing: /home/nguyen1/workspace/tu_thanh_17_1/install/my_robot_controllers/share/my_robot_controllers/config/controllers.yaml
[9.728s] -- Installing: /home/nguyen1/workspace/tu_thanh_17_1/install/my_robot_controllers/share/my_robot_controllers/environment/library_path.sh
[9.728s] -- Installing: /home/nguyen1/workspace/tu_thanh_17_1/install/my_robot_controllers/share/my_robot_controllers/environment/library_path.dsv
[9.729s] -- Installing: /home/nguyen1/workspace/tu_thanh_17_1/install/my_robot_controllers/share/ament_index/resource_index/package_run_dependencies/my_robot_controllers
[9.729s] -- Installing: /home/nguyen1/workspace/tu_thanh_17_1/install/my_robot_controllers/share/ament_index/resource_index/parent_prefix_path/my_robot_controllers
[9.729s] -- Installing: /home/nguyen1/workspace/tu_thanh_17_1/install/my_robot_controllers/share/my_robot_controllers/environment/ament_prefix_path.sh
[9.729s] -- Installing: /home/nguyen1/workspace/tu_thanh_17_1/install/my_robot_controllers/share/my_robot_controllers/environment/ament_prefix_path.dsv
[9.729s] -- Installing: /home/nguyen1/workspace/tu_thanh_17_1/install/my_robot_controllers/share/my_robot_controllers/environment/path.sh
[9.729s] -- Installing: /home/nguyen1/workspace/tu_thanh_17_1/install/my_robot_controllers/share/my_robot_controllers/environment/path.dsv
[9.730s] -- Installing: /home/nguyen1/workspace/tu_thanh_17_1/install/my_robot_controllers/share/my_robot_controllers/local_setup.bash
[9.730s] -- Installing: /home/nguyen1/workspace/tu_thanh_17_1/install/my_robot_controllers/share/my_robot_controllers/local_setup.sh
[9.730s] -- Installing: /home/nguyen1/workspace/tu_thanh_17_1/install/my_robot_controllers/share/my_robot_controllers/local_setup.zsh
[9.730s] -- Installing: /home/nguyen1/workspace/tu_thanh_17_1/install/my_robot_controllers/share/my_robot_controllers/local_setup.dsv
[9.730s] -- Installing: /home/nguyen1/workspace/tu_thanh_17_1/install/my_robot_controllers/share/my_robot_controllers/package.dsv
[9.730s] -- Installing: /home/nguyen1/workspace/tu_thanh_17_1/install/my_robot_controllers/share/ament_index/resource_index/packages/my_robot_controllers
[9.731s] -- Installing: /home/nguyen1/workspace/tu_thanh_17_1/install/my_robot_controllers/share/ament_index/resource_index/controller_interface__pluginlib__plugin/my_robot_controllers
[9.731s] -- Installing: /home/nguyen1/workspace/tu_thanh_17_1/install/my_robot_controllers/share/my_robot_controllers/cmake/ament_cmake_export_include_directories-extras.cmake
[9.731s] -- Installing: /home/nguyen1/workspace/tu_thanh_17_1/install/my_robot_controllers/share/my_robot_controllers/cmake/ament_cmake_export_libraries-extras.cmake
[9.731s] -- Installing: /home/nguyen1/workspace/tu_thanh_17_1/install/my_robot_controllers/share/my_robot_controllers/cmake/ament_cmake_export_dependencies-extras.cmake
[9.731s] -- Installing: /home/nguyen1/workspace/tu_thanh_17_1/install/my_robot_controllers/share/my_robot_controllers/cmake/my_robot_controllersConfig.cmake
[9.731s] -- Installing: /home/nguyen1/workspace/tu_thanh_17_1/install/my_robot_controllers/share/my_robot_controllers/cmake/my_robot_controllersConfig-version.cmake
[9.731s] -- Installing: /home/nguyen1/workspace/tu_thanh_17_1/install/my_robot_controllers/share/my_robot_controllers/package.xml
[9.734s] Invoked command in '/home/nguyen1/workspace/tu_thanh_17_1/build/my_robot_controllers' returned '0': CMAKE_PREFIX_PATH=${CMAKE_PREFIX_PATH}:/opt/ros/humble /usr/bin/cmake --install /home/nguyen1/workspace/tu_thanh_17_1/build/my_robot_controllers
